<?xml version="1.0" encoding="UTF-8"?>
<!-- Generated by org.testng.reporters.JUnitReportReporter -->
<testsuite ignored="0" hostname="DESKTOP-3RVO6TM" failures="0" tests="1" name="stepDefinitions.ApiStepDefinitions" time="15.683" errors="0" timestamp="16 Jan 2022 22:03:10 GMT" skipped="0">
  <testcase classname="stepDefinitions.ApiStepDefinitions" name="iAmAnAuthorizedUser" time="15.683"/>
</testsuite> <!-- stepDefinitions.ApiStepDefinitions -->
